[0.015s] Invoking command in '/home/vboxuser/dev_ws/build/my_bot': CMAKE_PREFIX_PATH=${CMAKE_PREFIX_PATH}:/opt/ros/humble /usr/bin/cmake /home/vboxuser/dev_ws/src/my_bot -DCMAKE_INSTALL_PREFIX=/home/vboxuser/dev_ws/install/my_bot
[0.028s] -- Found ament_cmake: 1.3.11 (/opt/ros/humble/share/ament_cmake/cmake)
[0.262s] -- Override CMake install command with custom implementation using symlinks instead of copying resources
[0.274s] -- Found ament_lint_auto: 0.12.11 (/opt/ros/humble/share/ament_lint_auto/cmake)
[0.364s] -- Added test 'copyright' to check source files copyright and LICENSE
[0.369s] -- Added test 'flake8' to check Python code syntax and style conventions
[0.370s] -- Added test 'lint_cmake' to check CMake code style
[0.371s] -- Added test 'pep257' to check Python code against some of the docstring style conventions in PEP 257
[0.373s] -- Added test 'xmllint' to check XML markup files
[0.374s] -- Configuring done
[0.377s] -- Generating done
[0.379s] -- Build files have been written to: /home/vboxuser/dev_ws/build/my_bot
[0.386s] Invoked command in '/home/vboxuser/dev_ws/build/my_bot' returned '0': CMAKE_PREFIX_PATH=${CMAKE_PREFIX_PATH}:/opt/ros/humble /usr/bin/cmake /home/vboxuser/dev_ws/src/my_bot -DCMAKE_INSTALL_PREFIX=/home/vboxuser/dev_ws/install/my_bot
[0.387s] Invoking command in '/home/vboxuser/dev_ws/build/my_bot': CMAKE_PREFIX_PATH=${CMAKE_PREFIX_PATH}:/opt/ros/humble /usr/bin/cmake --build /home/vboxuser/dev_ws/build/my_bot -- -j10 -l10
[0.478s] Invoked command in '/home/vboxuser/dev_ws/build/my_bot' returned '0': CMAKE_PREFIX_PATH=${CMAKE_PREFIX_PATH}:/opt/ros/humble /usr/bin/cmake --build /home/vboxuser/dev_ws/build/my_bot -- -j10 -l10
[0.510s] Invoking command in '/home/vboxuser/dev_ws/build/my_bot': CMAKE_PREFIX_PATH=${CMAKE_PREFIX_PATH}:/opt/ros/humble /usr/bin/cmake --install /home/vboxuser/dev_ws/build/my_bot
[0.535s] -- Install configuration: ""
[0.535s] -- Execute custom install script
[0.536s] -- Up-to-date symlink: /home/vboxuser/dev_ws/install/my_bot/share/my_bot/config/empty.yaml
[0.536s] -- Up-to-date symlink: /home/vboxuser/dev_ws/install/my_bot/share/my_bot/description/robot.urdf.xacro
[0.538s] -- Up-to-date symlink: /home/vboxuser/dev_ws/install/my_bot/share/my_bot/description/robot_core.xacro
[0.538s] -- Up-to-date symlink: /home/vboxuser/dev_ws/install/my_bot/share/my_bot/launch/rsp.launch.py
[0.538s] -- Up-to-date symlink: /home/vboxuser/dev_ws/install/my_bot/share/my_bot/worlds/empty.world
[0.539s] -- Up-to-date symlink: /home/vboxuser/dev_ws/install/my_bot/share/ament_index/resource_index/package_run_dependencies/my_bot
[0.539s] -- Up-to-date symlink: /home/vboxuser/dev_ws/install/my_bot/share/ament_index/resource_index/parent_prefix_path/my_bot
[0.539s] -- Up-to-date symlink: /home/vboxuser/dev_ws/install/my_bot/share/my_bot/environment/ament_prefix_path.sh
[0.539s] -- Up-to-date symlink: /home/vboxuser/dev_ws/install/my_bot/share/my_bot/environment/ament_prefix_path.dsv
[0.539s] -- Up-to-date symlink: /home/vboxuser/dev_ws/install/my_bot/share/my_bot/environment/path.sh
[0.540s] -- Up-to-date symlink: /home/vboxuser/dev_ws/install/my_bot/share/my_bot/environment/path.dsv
[0.540s] -- Up-to-date symlink: /home/vboxuser/dev_ws/install/my_bot/share/my_bot/local_setup.bash
[0.540s] -- Up-to-date symlink: /home/vboxuser/dev_ws/install/my_bot/share/my_bot/local_setup.sh
[0.540s] -- Up-to-date symlink: /home/vboxuser/dev_ws/install/my_bot/share/my_bot/local_setup.zsh
[0.543s] -- Up-to-date symlink: /home/vboxuser/dev_ws/install/my_bot/share/my_bot/local_setup.dsv
[0.543s] -- Symlinking: /home/vboxuser/dev_ws/install/my_bot/share/my_bot/package.dsv
[0.586s] -- Up-to-date symlink: /home/vboxuser/dev_ws/install/my_bot/share/ament_index/resource_index/packages/my_bot
[0.592s] -- Up-to-date symlink: /home/vboxuser/dev_ws/install/my_bot/share/my_bot/cmake/my_botConfig.cmake
[0.593s] -- Up-to-date symlink: /home/vboxuser/dev_ws/install/my_bot/share/my_bot/cmake/my_botConfig-version.cmake
[0.593s] -- Up-to-date symlink: /home/vboxuser/dev_ws/install/my_bot/share/my_bot/package.xml
[0.606s] Invoked command in '/home/vboxuser/dev_ws/build/my_bot' returned '0': CMAKE_PREFIX_PATH=${CMAKE_PREFIX_PATH}:/opt/ros/humble /usr/bin/cmake --install /home/vboxuser/dev_ws/build/my_bot
