[0.008s] Invoking command in '/home/vboxuser/dev_ws/build/my_bot': CMAKE_PREFIX_PATH=${CMAKE_PREFIX_PATH}:/opt/ros/humble /usr/bin/cmake /home/vboxuser/dev_ws/src/my_bot -DCMAKE_INSTALL_PREFIX=/home/vboxuser/dev_ws/install/my_bot
[0.047s] -- Found ament_cmake: 1.3.11 (/opt/ros/humble/share/ament_cmake/cmake)
[0.163s] -- Override CMake install command with custom implementation using symlinks instead of copying resources
[0.187s] -- Found ament_lint_auto: 0.12.11 (/opt/ros/humble/share/ament_lint_auto/cmake)
[0.250s] -- Added test 'copyright' to check source files copyright and LICENSE
[0.255s] -- Added test 'flake8' to check Python code syntax and style conventions
[0.255s] -- Added test 'lint_cmake' to check CMake code style
[0.257s] -- Added test 'pep257' to check Python code against some of the docstring style conventions in PEP 257
[0.259s] -- Added test 'xmllint' to check XML markup files
[0.261s] -- Configuring done
[0.273s] -- Generating done
[0.277s] -- Build files have been written to: /home/vboxuser/dev_ws/build/my_bot
[0.279s] Invoked command in '/home/vboxuser/dev_ws/build/my_bot' returned '0': CMAKE_PREFIX_PATH=${CMAKE_PREFIX_PATH}:/opt/ros/humble /usr/bin/cmake /home/vboxuser/dev_ws/src/my_bot -DCMAKE_INSTALL_PREFIX=/home/vboxuser/dev_ws/install/my_bot
[0.280s] Invoking command in '/home/vboxuser/dev_ws/build/my_bot': CMAKE_PREFIX_PATH=${CMAKE_PREFIX_PATH}:/opt/ros/humble /usr/bin/cmake --build /home/vboxuser/dev_ws/build/my_bot -- -j10 -l10
[0.310s] Invoked command in '/home/vboxuser/dev_ws/build/my_bot' returned '0': CMAKE_PREFIX_PATH=${CMAKE_PREFIX_PATH}:/opt/ros/humble /usr/bin/cmake --build /home/vboxuser/dev_ws/build/my_bot -- -j10 -l10
[0.319s] Invoking command in '/home/vboxuser/dev_ws/build/my_bot': CMAKE_PREFIX_PATH=${CMAKE_PREFIX_PATH}:/opt/ros/humble /usr/bin/cmake --install /home/vboxuser/dev_ws/build/my_bot
[0.325s] -- Install configuration: ""
[0.325s] -- Execute custom install script
[0.325s] -- Up-to-date symlink: /home/vboxuser/dev_ws/install/my_bot/share/my_bot/config/empty.yaml
[0.325s] -- Up-to-date symlink: /home/vboxuser/dev_ws/install/my_bot/share/my_bot/description/robot.urdf.xacro
[0.325s] -- Up-to-date symlink: /home/vboxuser/dev_ws/install/my_bot/share/my_bot/description/robot_core.xacro
[0.325s] -- Up-to-date symlink: /home/vboxuser/dev_ws/install/my_bot/share/my_bot/launch/rsp.launch.py
[0.327s] -- Up-to-date symlink: /home/vboxuser/dev_ws/install/my_bot/share/my_bot/worlds/empty.world
[0.327s] -- Up-to-date symlink: /home/vboxuser/dev_ws/install/my_bot/share/ament_index/resource_index/package_run_dependencies/my_bot
[0.327s] -- Up-to-date symlink: /home/vboxuser/dev_ws/install/my_bot/share/ament_index/resource_index/parent_prefix_path/my_bot
[0.327s] -- Up-to-date symlink: /home/vboxuser/dev_ws/install/my_bot/share/my_bot/environment/ament_prefix_path.sh
[0.327s] -- Up-to-date symlink: /home/vboxuser/dev_ws/install/my_bot/share/my_bot/environment/ament_prefix_path.dsv
[0.327s] -- Up-to-date symlink: /home/vboxuser/dev_ws/install/my_bot/share/my_bot/environment/path.sh
[0.327s] -- Up-to-date symlink: /home/vboxuser/dev_ws/install/my_bot/share/my_bot/environment/path.dsv
[0.327s] -- Up-to-date symlink: /home/vboxuser/dev_ws/install/my_bot/share/my_bot/local_setup.bash
[0.327s] -- Up-to-date symlink: /home/vboxuser/dev_ws/install/my_bot/share/my_bot/local_setup.sh
[0.328s] -- Up-to-date symlink: /home/vboxuser/dev_ws/install/my_bot/share/my_bot/local_setup.zsh
[0.328s] -- Up-to-date symlink: /home/vboxuser/dev_ws/install/my_bot/share/my_bot/local_setup.dsv
[0.328s] -- Symlinking: /home/vboxuser/dev_ws/install/my_bot/share/my_bot/package.dsv
[0.337s] -- Up-to-date symlink: /home/vboxuser/dev_ws/install/my_bot/share/ament_index/resource_index/packages/my_bot
[0.337s] -- Up-to-date symlink: /home/vboxuser/dev_ws/install/my_bot/share/my_bot/cmake/my_botConfig.cmake
[0.337s] -- Up-to-date symlink: /home/vboxuser/dev_ws/install/my_bot/share/my_bot/cmake/my_botConfig-version.cmake
[0.337s] -- Up-to-date symlink: /home/vboxuser/dev_ws/install/my_bot/share/my_bot/package.xml
[0.339s] Invoked command in '/home/vboxuser/dev_ws/build/my_bot' returned '0': CMAKE_PREFIX_PATH=${CMAKE_PREFIX_PATH}:/opt/ros/humble /usr/bin/cmake --install /home/vboxuser/dev_ws/build/my_bot
