[0.350s] DEBUG:colcon:Command line arguments: ['/usr/bin/colcon', 'build', '--symlink-install']
[0.350s] DEBUG:colcon:Parsed command line arguments: Namespace(log_base=None, log_level=None, verb_name='build', build_base='build', install_base='install', merge_install=False, symlink_install=True, test_result_base=None, continue_on_error=False, executor='parallel', parallel_workers=10, event_handlers=None, ignore_user_meta=False, metas=['./colcon.meta'], base_paths=['.'], packages_ignore=None, packages_ignore_regex=None, paths=None, packages_up_to=None, packages_up_to_regex=None, packages_above=None, packages_above_and_dependencies=None, packages_above_depth=None, packages_select_by_dep=None, packages_skip_by_dep=None, packages_skip_up_to=None, packages_select_build_failed=False, packages_skip_build_finished=False, packages_select_test_failures=False, packages_skip_test_passed=False, packages_select=None, packages_skip=None, packages_select_regex=None, packages_skip_regex=None, packages_start=None, packages_end=None, allow_overriding=[], cmake_args=None, cmake_target=None, cmake_target_skip_unavailable=False, cmake_clean_cache=False, cmake_clean_first=False, cmake_force_configure=False, ament_cmake_args=None, catkin_cmake_args=None, catkin_skip_building_tests=False, verb_parser=<colcon_defaults.argument_parser.defaults.DefaultArgumentsDecorator object at 0x748be5442590>, verb_extension=<colcon_core.verb.build.BuildVerb object at 0x748be5441fc0>, main=<bound method BuildVerb.main of <colcon_core.verb.build.BuildVerb object at 0x748be5441fc0>>)
[0.858s] Level 1:colcon.colcon_core.package_discovery:discover_packages(colcon_meta) check parameters
[0.858s] Level 1:colcon.colcon_core.package_discovery:discover_packages(recursive) check parameters
[0.858s] Level 1:colcon.colcon_core.package_discovery:discover_packages(ignore) check parameters
[0.858s] Level 1:colcon.colcon_core.package_discovery:discover_packages(path) check parameters
[0.859s] Level 1:colcon.colcon_core.package_discovery:discover_packages(colcon_meta) discover
[0.859s] Level 1:colcon.colcon_core.package_discovery:discover_packages(recursive) discover
[0.859s] INFO:colcon.colcon_core.package_discovery:Crawling recursively for packages in '/home/vboxuser/dev_ws'
[0.859s] Level 1:colcon.colcon_core.package_identification:_identify(.) by extensions ['ignore', 'ignore_ament_install']
[0.859s] Level 1:colcon.colcon_core.package_identification:_identify(.) by extension 'ignore'
[0.859s] Level 1:colcon.colcon_core.package_identification:_identify(.) by extension 'ignore_ament_install'
[0.859s] Level 1:colcon.colcon_core.package_identification:_identify(.) by extensions ['colcon_pkg']
[0.860s] Level 1:colcon.colcon_core.package_identification:_identify(.) by extension 'colcon_pkg'
[0.860s] Level 1:colcon.colcon_core.package_identification:_identify(.) by extensions ['colcon_meta']
[0.860s] Level 1:colcon.colcon_core.package_identification:_identify(.) by extension 'colcon_meta'
[0.860s] Level 1:colcon.colcon_core.package_identification:_identify(.) by extensions ['ros']
[0.860s] Level 1:colcon.colcon_core.package_identification:_identify(.) by extension 'ros'
[0.895s] Level 1:colcon.colcon_core.package_identification:_identify(.) by extensions ['cmake', 'python']
[0.895s] Level 1:colcon.colcon_core.package_identification:_identify(.) by extension 'cmake'
[0.895s] Level 1:colcon.colcon_core.package_identification:_identify(.) by extension 'python'
[0.895s] Level 1:colcon.colcon_core.package_identification:_identify(.) by extensions ['python_setup_py']
[0.895s] Level 1:colcon.colcon_core.package_identification:_identify(.) by extension 'python_setup_py'
[0.896s] Level 1:colcon.colcon_core.package_identification:_identify(build) by extensions ['ignore', 'ignore_ament_install']
[0.896s] Level 1:colcon.colcon_core.package_identification:_identify(build) by extension 'ignore'
[0.896s] Level 1:colcon.colcon_core.package_identification:_identify(build) ignored
[0.896s] Level 1:colcon.colcon_core.package_identification:_identify(install) by extensions ['ignore', 'ignore_ament_install']
[0.896s] Level 1:colcon.colcon_core.package_identification:_identify(install) by extension 'ignore'
[0.896s] Level 1:colcon.colcon_core.package_identification:_identify(install) ignored
[0.896s] Level 1:colcon.colcon_core.package_identification:_identify(log) by extensions ['ignore', 'ignore_ament_install']
[0.897s] Level 1:colcon.colcon_core.package_identification:_identify(log) by extension 'ignore'
[0.897s] Level 1:colcon.colcon_core.package_identification:_identify(log) ignored
[0.897s] Level 1:colcon.colcon_core.package_identification:_identify(src) by extensions ['ignore', 'ignore_ament_install']
[0.897s] Level 1:colcon.colcon_core.package_identification:_identify(src) by extension 'ignore'
[0.897s] Level 1:colcon.colcon_core.package_identification:_identify(src) by extension 'ignore_ament_install'
[0.897s] Level 1:colcon.colcon_core.package_identification:_identify(src) by extensions ['colcon_pkg']
[0.897s] Level 1:colcon.colcon_core.package_identification:_identify(src) by extension 'colcon_pkg'
[0.897s] Level 1:colcon.colcon_core.package_identification:_identify(src) by extensions ['colcon_meta']
[0.898s] Level 1:colcon.colcon_core.package_identification:_identify(src) by extension 'colcon_meta'
[0.898s] Level 1:colcon.colcon_core.package_identification:_identify(src) by extensions ['ros']
[0.898s] Level 1:colcon.colcon_core.package_identification:_identify(src) by extension 'ros'
[0.898s] Level 1:colcon.colcon_core.package_identification:_identify(src) by extensions ['cmake', 'python']
[0.898s] Level 1:colcon.colcon_core.package_identification:_identify(src) by extension 'cmake'
[0.898s] Level 1:colcon.colcon_core.package_identification:_identify(src) by extension 'python'
[0.898s] Level 1:colcon.colcon_core.package_identification:_identify(src) by extensions ['python_setup_py']
[0.898s] Level 1:colcon.colcon_core.package_identification:_identify(src) by extension 'python_setup_py'
[0.898s] Level 1:colcon.colcon_core.package_identification:_identify(src/my_bot) by extensions ['ignore', 'ignore_ament_install']
[0.898s] Level 1:colcon.colcon_core.package_identification:_identify(src/my_bot) by extension 'ignore'
[0.898s] Level 1:colcon.colcon_core.package_identification:_identify(src/my_bot) by extension 'ignore_ament_install'
[0.898s] Level 1:colcon.colcon_core.package_identification:_identify(src/my_bot) by extensions ['colcon_pkg']
[0.898s] Level 1:colcon.colcon_core.package_identification:_identify(src/my_bot) by extension 'colcon_pkg'
[0.898s] Level 1:colcon.colcon_core.package_identification:_identify(src/my_bot) by extensions ['colcon_meta']
[0.899s] Level 1:colcon.colcon_core.package_identification:_identify(src/my_bot) by extension 'colcon_meta'
[0.899s] Level 1:colcon.colcon_core.package_identification:_identify(src/my_bot) by extensions ['ros']
[0.899s] Level 1:colcon.colcon_core.package_identification:_identify(src/my_bot) by extension 'ros'
[0.903s] DEBUG:colcon.colcon_core.package_identification:Package 'src/my_bot' with type 'ros.ament_cmake' and name 'my_bot'
[0.903s] Level 1:colcon.colcon_core.package_discovery:discover_packages(recursive) using defaults
[0.903s] Level 1:colcon.colcon_core.package_discovery:discover_packages(ignore) discover
[0.903s] Level 1:colcon.colcon_core.package_discovery:discover_packages(ignore) using defaults
[0.905s] Level 1:colcon.colcon_core.package_discovery:discover_packages(path) discover
[0.905s] Level 1:colcon.colcon_core.package_discovery:discover_packages(path) using defaults
[0.973s] Level 1:colcon.colcon_core.package_discovery:discover_packages(prefix_path) check parameters
[0.973s] Level 1:colcon.colcon_core.package_discovery:discover_packages(prefix_path) discover
[0.976s] DEBUG:colcon.colcon_installed_package_information.package_discovery:Found 1 installed packages in /home/vboxuser/dev_ws/install
[0.978s] DEBUG:colcon.colcon_installed_package_information.package_discovery:Found 327 installed packages in /opt/ros/humble
[1.017s] Level 1:colcon.colcon_core.package_discovery:discover_packages(prefix_path) using defaults
[1.146s] Level 5:colcon.colcon_core.verb:set package 'my_bot' build argument 'cmake_args' from command line to 'None'
[1.146s] Level 5:colcon.colcon_core.verb:set package 'my_bot' build argument 'cmake_target' from command line to 'None'
[1.146s] Level 5:colcon.colcon_core.verb:set package 'my_bot' build argument 'cmake_target_skip_unavailable' from command line to 'False'
[1.146s] Level 5:colcon.colcon_core.verb:set package 'my_bot' build argument 'cmake_clean_cache' from command line to 'False'
[1.146s] Level 5:colcon.colcon_core.verb:set package 'my_bot' build argument 'cmake_clean_first' from command line to 'False'
[1.146s] Level 5:colcon.colcon_core.verb:set package 'my_bot' build argument 'cmake_force_configure' from command line to 'False'
[1.146s] Level 5:colcon.colcon_core.verb:set package 'my_bot' build argument 'ament_cmake_args' from command line to 'None'
[1.146s] Level 5:colcon.colcon_core.verb:set package 'my_bot' build argument 'catkin_cmake_args' from command line to 'None'
[1.147s] Level 5:colcon.colcon_core.verb:set package 'my_bot' build argument 'catkin_skip_building_tests' from command line to 'False'
[1.147s] DEBUG:colcon.colcon_core.verb:Building package 'my_bot' with the following arguments: {'ament_cmake_args': None, 'build_base': '/home/vboxuser/dev_ws/build/my_bot', 'catkin_cmake_args': None, 'catkin_skip_building_tests': False, 'cmake_args': None, 'cmake_clean_cache': False, 'cmake_clean_first': False, 'cmake_force_configure': False, 'cmake_target': None, 'cmake_target_skip_unavailable': False, 'install_base': '/home/vboxuser/dev_ws/install/my_bot', 'merge_install': False, 'path': '/home/vboxuser/dev_ws/src/my_bot', 'symlink_install': True, 'test_result_base': None}
[1.147s] INFO:colcon.colcon_core.executor:Executing jobs using 'parallel' executor
[1.151s] DEBUG:colcon.colcon_parallel_executor.executor.parallel:run_until_complete
[1.158s] INFO:colcon.colcon_ros.task.ament_cmake.build:Building ROS package in '/home/vboxuser/dev_ws/src/my_bot' with build type 'ament_cmake'
[1.158s] INFO:colcon.colcon_cmake.task.cmake.build:Building CMake package in '/home/vboxuser/dev_ws/src/my_bot'
[1.165s] INFO:colcon.colcon_core.plugin_system:Skipping extension 'colcon_core.shell.bat': Not used on non-Windows systems
[1.166s] INFO:colcon.colcon_core.shell:Skip shell extension 'powershell' for command environment: Not usable outside of PowerShell
[1.166s] DEBUG:colcon.colcon_core.shell:Skip shell extension 'dsv' for command environment
[1.202s] DEBUG:colcon.colcon_core.event_handler.log_command:Invoking command in '/home/vboxuser/dev_ws/build/my_bot': CMAKE_PREFIX_PATH=${CMAKE_PREFIX_PATH}:/opt/ros/humble /usr/bin/cmake --build /home/vboxuser/dev_ws/build/my_bot -- -j10 -l10
[1.312s] DEBUG:colcon.colcon_core.event_handler.log_command:Invoked command in '/home/vboxuser/dev_ws/build/my_bot' returned '0': CMAKE_PREFIX_PATH=${CMAKE_PREFIX_PATH}:/opt/ros/humble /usr/bin/cmake --build /home/vboxuser/dev_ws/build/my_bot -- -j10 -l10
[1.350s] DEBUG:colcon.colcon_core.event_handler.log_command:Invoking command in '/home/vboxuser/dev_ws/build/my_bot': CMAKE_PREFIX_PATH=${CMAKE_PREFIX_PATH}:/opt/ros/humble /usr/bin/cmake --install /home/vboxuser/dev_ws/build/my_bot
[1.417s] Level 1:colcon.colcon_core.environment:create_environment_scripts_only(my_bot)
[1.420s] DEBUG:colcon.colcon_core.event_handler.log_command:Invoked command in '/home/vboxuser/dev_ws/build/my_bot' returned '0': CMAKE_PREFIX_PATH=${CMAKE_PREFIX_PATH}:/opt/ros/humble /usr/bin/cmake --install /home/vboxuser/dev_ws/build/my_bot
[1.428s] Level 1:colcon.colcon_core.environment:checking '/home/vboxuser/dev_ws/install/my_bot' for CMake module files
[1.430s] Level 1:colcon.colcon_core.environment:checking '/home/vboxuser/dev_ws/install/my_bot' for CMake config files
[1.430s] Level 1:colcon.colcon_core.shell:create_environment_hook('my_bot', 'cmake_prefix_path')
[1.431s] INFO:colcon.colcon_core.shell:Creating environment hook '/home/vboxuser/dev_ws/install/my_bot/share/my_bot/hook/cmake_prefix_path.ps1'
[1.433s] INFO:colcon.colcon_core.shell:Creating environment descriptor '/home/vboxuser/dev_ws/install/my_bot/share/my_bot/hook/cmake_prefix_path.dsv'
[1.434s] INFO:colcon.colcon_core.shell:Creating environment hook '/home/vboxuser/dev_ws/install/my_bot/share/my_bot/hook/cmake_prefix_path.sh'
[1.438s] Level 1:colcon.colcon_core.environment:checking '/home/vboxuser/dev_ws/install/my_bot/bin'
[1.439s] Level 1:colcon.colcon_core.environment:checking '/home/vboxuser/dev_ws/install/my_bot/lib/pkgconfig/my_bot.pc'
[1.440s] Level 1:colcon.colcon_core.environment:checking '/home/vboxuser/dev_ws/install/my_bot/lib/python3.10/site-packages'
[1.440s] Level 1:colcon.colcon_core.environment:checking '/home/vboxuser/dev_ws/install/my_bot/bin'
[1.442s] INFO:colcon.colcon_core.shell:Creating package script '/home/vboxuser/dev_ws/install/my_bot/share/my_bot/package.ps1'
[1.444s] INFO:colcon.colcon_core.shell:Creating package descriptor '/home/vboxuser/dev_ws/install/my_bot/share/my_bot/package.dsv'
[1.445s] INFO:colcon.colcon_core.shell:Creating package script '/home/vboxuser/dev_ws/install/my_bot/share/my_bot/package.sh'
[1.448s] INFO:colcon.colcon_core.shell:Creating package script '/home/vboxuser/dev_ws/install/my_bot/share/my_bot/package.bash'
[1.450s] INFO:colcon.colcon_core.shell:Creating package script '/home/vboxuser/dev_ws/install/my_bot/share/my_bot/package.zsh'
[1.453s] Level 1:colcon.colcon_core.environment:create_file_with_runtime_dependencies(/home/vboxuser/dev_ws/install/my_bot/share/colcon-core/packages/my_bot)
[1.455s] Level 1:colcon.colcon_core.environment:create_environment_scripts_only(my_bot)
[1.456s] Level 1:colcon.colcon_core.environment:checking '/home/vboxuser/dev_ws/install/my_bot' for CMake module files
[1.459s] Level 1:colcon.colcon_core.environment:checking '/home/vboxuser/dev_ws/install/my_bot' for CMake config files
[1.461s] Level 1:colcon.colcon_core.shell:create_environment_hook('my_bot', 'cmake_prefix_path')
[1.462s] INFO:colcon.colcon_core.shell:Creating environment hook '/home/vboxuser/dev_ws/install/my_bot/share/my_bot/hook/cmake_prefix_path.ps1'
[1.465s] INFO:colcon.colcon_core.shell:Creating environment descriptor '/home/vboxuser/dev_ws/install/my_bot/share/my_bot/hook/cmake_prefix_path.dsv'
[1.467s] INFO:colcon.colcon_core.shell:Creating environment hook '/home/vboxuser/dev_ws/install/my_bot/share/my_bot/hook/cmake_prefix_path.sh'
[1.470s] Level 1:colcon.colcon_core.environment:checking '/home/vboxuser/dev_ws/install/my_bot/bin'
[1.471s] Level 1:colcon.colcon_core.environment:checking '/home/vboxuser/dev_ws/install/my_bot/lib/pkgconfig/my_bot.pc'
[1.472s] Level 1:colcon.colcon_core.environment:checking '/home/vboxuser/dev_ws/install/my_bot/lib/python3.10/site-packages'
[1.472s] Level 1:colcon.colcon_core.environment:checking '/home/vboxuser/dev_ws/install/my_bot/bin'
[1.473s] INFO:colcon.colcon_core.shell:Creating package script '/home/vboxuser/dev_ws/install/my_bot/share/my_bot/package.ps1'
[1.475s] INFO:colcon.colcon_core.shell:Creating package descriptor '/home/vboxuser/dev_ws/install/my_bot/share/my_bot/package.dsv'
[1.481s] INFO:colcon.colcon_core.shell:Creating package script '/home/vboxuser/dev_ws/install/my_bot/share/my_bot/package.sh'
[1.485s] INFO:colcon.colcon_core.shell:Creating package script '/home/vboxuser/dev_ws/install/my_bot/share/my_bot/package.bash'
[1.487s] INFO:colcon.colcon_core.shell:Creating package script '/home/vboxuser/dev_ws/install/my_bot/share/my_bot/package.zsh'
[1.489s] Level 1:colcon.colcon_core.environment:create_file_with_runtime_dependencies(/home/vboxuser/dev_ws/install/my_bot/share/colcon-core/packages/my_bot)
[1.489s] DEBUG:colcon.colcon_parallel_executor.executor.parallel:closing loop
[1.489s] DEBUG:colcon.colcon_parallel_executor.executor.parallel:loop closed
[1.493s] DEBUG:colcon.colcon_parallel_executor.executor.parallel:run_until_complete finished with '0'
[1.493s] DEBUG:colcon.colcon_core.event_reactor:joining thread
[1.511s] INFO:colcon.colcon_core.plugin_system:Skipping extension 'colcon_notification.desktop_notification.terminal_notifier': Not used on non-Darwin systems
[1.512s] INFO:colcon.colcon_core.plugin_system:Skipping extension 'colcon_notification.desktop_notification.win32': Not used on non-Windows systems
[1.512s] INFO:colcon.colcon_notification.desktop_notification:Sending desktop notification using 'notify2'
[1.554s] DEBUG:colcon.colcon_core.event_reactor:joined thread
[1.556s] INFO:colcon.colcon_core.shell:Creating prefix script '/home/vboxuser/dev_ws/install/local_setup.ps1'
[1.563s] INFO:colcon.colcon_core.shell:Creating prefix util module '/home/vboxuser/dev_ws/install/_local_setup_util_ps1.py'
[1.566s] INFO:colcon.colcon_core.shell:Creating prefix chain script '/home/vboxuser/dev_ws/install/setup.ps1'
[1.570s] INFO:colcon.colcon_core.shell:Creating prefix script '/home/vboxuser/dev_ws/install/local_setup.sh'
[1.571s] INFO:colcon.colcon_core.shell:Creating prefix util module '/home/vboxuser/dev_ws/install/_local_setup_util_sh.py'
[1.574s] INFO:colcon.colcon_core.shell:Creating prefix chain script '/home/vboxuser/dev_ws/install/setup.sh'
[1.577s] INFO:colcon.colcon_core.shell:Creating prefix script '/home/vboxuser/dev_ws/install/local_setup.bash'
[1.578s] INFO:colcon.colcon_core.shell:Creating prefix chain script '/home/vboxuser/dev_ws/install/setup.bash'
[1.581s] INFO:colcon.colcon_core.shell:Creating prefix script '/home/vboxuser/dev_ws/install/local_setup.zsh'
[1.583s] INFO:colcon.colcon_core.shell:Creating prefix chain script '/home/vboxuser/dev_ws/install/setup.zsh'
