[0.014s] Invoking command in '/home/vboxuser/dev_ws/build/my_bot': CMAKE_PREFIX_PATH=/opt/ros/humble /usr/bin/cmake /home/vboxuser/dev_ws/src/my_bot -DAMENT_CMAKE_SYMLINK_INSTALL=1 -DCMAKE_INSTALL_PREFIX=/home/vboxuser/dev_ws/install/my_bot
[0.138s] -- The C compiler identification is GNU 11.4.0
[0.242s] -- The CXX compiler identification is GNU 11.4.0
[0.257s] -- Detecting C compiler ABI info
[0.325s] -- Detecting C compiler ABI info - done
[0.329s] -- Check for working C compiler: /usr/bin/cc - skipped
[0.330s] -- Detecting C compile features
[0.332s] -- Detecting C compile features - done
[0.338s] -- Detecting CXX compiler ABI info
[0.412s] -- Detecting CXX compiler ABI info - done
[0.420s] -- Check for working CXX compiler: /usr/bin/c++ - skipped
[0.420s] -- Detecting CXX compile features
[0.420s] -- Detecting CXX compile features - done
[0.441s] -- Found ament_cmake: 1.3.11 (/opt/ros/humble/share/ament_cmake/cmake)
[0.567s] -- Found Python3: /usr/bin/python3 (found version "3.10.12") found components: Interpreter 
[0.634s] -- Override CMake install command with custom implementation using symlinks instead of copying resources
[0.671s] -- Found ament_lint_auto: 0.12.11 (/opt/ros/humble/share/ament_lint_auto/cmake)
[0.751s] -- Added test 'copyright' to check source files copyright and LICENSE
[0.757s] -- Added test 'flake8' to check Python code syntax and style conventions
[0.759s] -- Added test 'lint_cmake' to check CMake code style
[0.760s] -- Added test 'pep257' to check Python code against some of the docstring style conventions in PEP 257
[0.762s] -- Added test 'xmllint' to check XML markup files
[0.767s] -- Configuring done
[0.768s] -- Generating done
[0.770s] -- Build files have been written to: /home/vboxuser/dev_ws/build/my_bot
[0.772s] Invoked command in '/home/vboxuser/dev_ws/build/my_bot' returned '0': CMAKE_PREFIX_PATH=/opt/ros/humble /usr/bin/cmake /home/vboxuser/dev_ws/src/my_bot -DAMENT_CMAKE_SYMLINK_INSTALL=1 -DCMAKE_INSTALL_PREFIX=/home/vboxuser/dev_ws/install/my_bot
[0.774s] Invoking command in '/home/vboxuser/dev_ws/build/my_bot': CMAKE_PREFIX_PATH=/opt/ros/humble /usr/bin/cmake --build /home/vboxuser/dev_ws/build/my_bot -- -j10 -l10
[0.816s] Invoked command in '/home/vboxuser/dev_ws/build/my_bot' returned '0': CMAKE_PREFIX_PATH=/opt/ros/humble /usr/bin/cmake --build /home/vboxuser/dev_ws/build/my_bot -- -j10 -l10
[0.824s] Invoking command in '/home/vboxuser/dev_ws/build/my_bot': CMAKE_PREFIX_PATH=/opt/ros/humble /usr/bin/cmake --install /home/vboxuser/dev_ws/build/my_bot
[0.831s] -- Install configuration: ""
[0.831s] -- Execute custom install script
[0.831s] -- Symlinking: /home/vboxuser/dev_ws/install/my_bot/share/my_bot/config/empty.yaml
[0.839s] -- Symlinking: /home/vboxuser/dev_ws/install/my_bot/share/my_bot/description/robot.urdf.xacro
[0.846s] -- Symlinking: /home/vboxuser/dev_ws/install/my_bot/share/my_bot/launch/rsp.launch.py
[0.854s] -- Symlinking: /home/vboxuser/dev_ws/install/my_bot/share/my_bot/worlds/empty.world
[0.861s] -- Symlinking: /home/vboxuser/dev_ws/install/my_bot/share/ament_index/resource_index/package_run_dependencies/my_bot
[0.870s] -- Symlinking: /home/vboxuser/dev_ws/install/my_bot/share/ament_index/resource_index/parent_prefix_path/my_bot
[0.878s] -- Symlinking: /home/vboxuser/dev_ws/install/my_bot/share/my_bot/environment/ament_prefix_path.sh
[0.886s] -- Symlinking: /home/vboxuser/dev_ws/install/my_bot/share/my_bot/environment/ament_prefix_path.dsv
[0.893s] -- Symlinking: /home/vboxuser/dev_ws/install/my_bot/share/my_bot/environment/path.sh
[0.901s] -- Symlinking: /home/vboxuser/dev_ws/install/my_bot/share/my_bot/environment/path.dsv
[0.908s] -- Symlinking: /home/vboxuser/dev_ws/install/my_bot/share/my_bot/local_setup.bash
[0.916s] -- Symlinking: /home/vboxuser/dev_ws/install/my_bot/share/my_bot/local_setup.sh
[0.923s] -- Symlinking: /home/vboxuser/dev_ws/install/my_bot/share/my_bot/local_setup.zsh
[0.930s] -- Symlinking: /home/vboxuser/dev_ws/install/my_bot/share/my_bot/local_setup.dsv
[0.938s] -- Symlinking: /home/vboxuser/dev_ws/install/my_bot/share/my_bot/package.dsv
[0.946s] -- Symlinking: /home/vboxuser/dev_ws/install/my_bot/share/ament_index/resource_index/packages/my_bot
[0.956s] -- Symlinking: /home/vboxuser/dev_ws/install/my_bot/share/my_bot/cmake/my_botConfig.cmake
[0.970s] -- Symlinking: /home/vboxuser/dev_ws/install/my_bot/share/my_bot/cmake/my_botConfig-version.cmake
[0.979s] -- Symlinking: /home/vboxuser/dev_ws/install/my_bot/share/my_bot/package.xml
[0.991s] Invoked command in '/home/vboxuser/dev_ws/build/my_bot' returned '0': CMAKE_PREFIX_PATH=/opt/ros/humble /usr/bin/cmake --install /home/vboxuser/dev_ws/build/my_bot
