[0.030s] Invoking command in '/home/vboxuser/dev_ws/build/my_bot': CMAKE_PREFIX_PATH=${CMAKE_PREFIX_PATH}:/opt/ros/humble /usr/bin/cmake --build /home/vboxuser/dev_ws/build/my_bot -- -j10 -l10
[0.112s] Invoked command in '/home/vboxuser/dev_ws/build/my_bot' returned '0': CMAKE_PREFIX_PATH=${CMAKE_PREFIX_PATH}:/opt/ros/humble /usr/bin/cmake --build /home/vboxuser/dev_ws/build/my_bot -- -j10 -l10
[0.133s] Invoking command in '/home/vboxuser/dev_ws/build/my_bot': CMAKE_PREFIX_PATH=${CMAKE_PREFIX_PATH}:/opt/ros/humble /usr/bin/cmake --install /home/vboxuser/dev_ws/build/my_bot
[0.156s] -- Install configuration: ""
[0.157s] -- Execute custom install script
[0.157s] -- Up-to-date symlink: /home/vboxuser/dev_ws/install/my_bot/share/my_bot/config/empty.yaml
[0.157s] -- Up-to-date symlink: /home/vboxuser/dev_ws/install/my_bot/share/my_bot/description/robot.urdf.xacro
[0.157s] -- Up-to-date symlink: /home/vboxuser/dev_ws/install/my_bot/share/my_bot/description/robot_core.xacro
[0.157s] -- Up-to-date symlink: /home/vboxuser/dev_ws/install/my_bot/share/my_bot/launch/rsp.launch.py
[0.158s] -- Up-to-date symlink: /home/vboxuser/dev_ws/install/my_bot/share/my_bot/worlds/empty.world
[0.159s] -- Up-to-date symlink: /home/vboxuser/dev_ws/install/my_bot/share/ament_index/resource_index/package_run_dependencies/my_bot
[0.162s] -- Up-to-date symlink: /home/vboxuser/dev_ws/install/my_bot/share/ament_index/resource_index/parent_prefix_path/my_bot
[0.163s] -- Up-to-date symlink: /home/vboxuser/dev_ws/install/my_bot/share/my_bot/environment/ament_prefix_path.sh
[0.163s] -- Up-to-date symlink: /home/vboxuser/dev_ws/install/my_bot/share/my_bot/environment/ament_prefix_path.dsv
[0.163s] -- Up-to-date symlink: /home/vboxuser/dev_ws/install/my_bot/share/my_bot/environment/path.sh
[0.164s] -- Up-to-date symlink: /home/vboxuser/dev_ws/install/my_bot/share/my_bot/environment/path.dsv
[0.164s] -- Up-to-date symlink: /home/vboxuser/dev_ws/install/my_bot/share/my_bot/local_setup.bash
[0.164s] -- Up-to-date symlink: /home/vboxuser/dev_ws/install/my_bot/share/my_bot/local_setup.sh
[0.164s] -- Up-to-date symlink: /home/vboxuser/dev_ws/install/my_bot/share/my_bot/local_setup.zsh
[0.166s] -- Up-to-date symlink: /home/vboxuser/dev_ws/install/my_bot/share/my_bot/local_setup.dsv
[0.166s] -- Symlinking: /home/vboxuser/dev_ws/install/my_bot/share/my_bot/package.dsv
[0.182s] -- Up-to-date symlink: /home/vboxuser/dev_ws/install/my_bot/share/ament_index/resource_index/packages/my_bot
[0.182s] -- Up-to-date symlink: /home/vboxuser/dev_ws/install/my_bot/share/my_bot/cmake/my_botConfig.cmake
[0.183s] -- Up-to-date symlink: /home/vboxuser/dev_ws/install/my_bot/share/my_bot/cmake/my_botConfig-version.cmake
[0.183s] -- Up-to-date symlink: /home/vboxuser/dev_ws/install/my_bot/share/my_bot/package.xml
[0.187s] Invoked command in '/home/vboxuser/dev_ws/build/my_bot' returned '0': CMAKE_PREFIX_PATH=${CMAKE_PREFIX_PATH}:/opt/ros/humble /usr/bin/cmake --install /home/vboxuser/dev_ws/build/my_bot
