[0.017s] Invoking command in '/home/vboxuser/dev_ws/build/my_bot': CMAKE_PREFIX_PATH=${CMAKE_PREFIX_PATH}:/opt/ros/humble /usr/bin/cmake /home/vboxuser/dev_ws/src/my_bot -DAMENT_CMAKE_SYMLINK_INSTALL=1 -DCMAKE_INSTALL_PREFIX=/home/vboxuser/dev_ws/install/my_bot
[0.053s] -- Found ament_cmake: 1.3.11 (/opt/ros/humble/share/ament_cmake/cmake)
[0.322s] -- Override CMake install command with custom implementation using symlinks instead of copying resources
[0.335s] -- Found ament_lint_auto: 0.12.11 (/opt/ros/humble/share/ament_lint_auto/cmake)
[0.500s] -- Added test 'copyright' to check source files copyright and LICENSE
[0.504s] -- Added test 'flake8' to check Python code syntax and style conventions
[0.505s] -- Added test 'lint_cmake' to check CMake code style
[0.506s] -- Added test 'pep257' to check Python code against some of the docstring style conventions in PEP 257
[0.509s] -- Added test 'xmllint' to check XML markup files
[0.511s] -- Configuring done
[0.515s] -- Generating done
[0.517s] -- Build files have been written to: /home/vboxuser/dev_ws/build/my_bot
[0.521s] Invoked command in '/home/vboxuser/dev_ws/build/my_bot' returned '0': CMAKE_PREFIX_PATH=${CMAKE_PREFIX_PATH}:/opt/ros/humble /usr/bin/cmake /home/vboxuser/dev_ws/src/my_bot -DAMENT_CMAKE_SYMLINK_INSTALL=1 -DCMAKE_INSTALL_PREFIX=/home/vboxuser/dev_ws/install/my_bot
[0.525s] Invoking command in '/home/vboxuser/dev_ws/build/my_bot': CMAKE_PREFIX_PATH=${CMAKE_PREFIX_PATH}:/opt/ros/humble /usr/bin/cmake --build /home/vboxuser/dev_ws/build/my_bot -- -j10 -l10
[0.612s] Invoked command in '/home/vboxuser/dev_ws/build/my_bot' returned '0': CMAKE_PREFIX_PATH=${CMAKE_PREFIX_PATH}:/opt/ros/humble /usr/bin/cmake --build /home/vboxuser/dev_ws/build/my_bot -- -j10 -l10
[0.635s] Invoking command in '/home/vboxuser/dev_ws/build/my_bot': CMAKE_PREFIX_PATH=${CMAKE_PREFIX_PATH}:/opt/ros/humble /usr/bin/cmake --install /home/vboxuser/dev_ws/build/my_bot
[0.657s] -- Install configuration: ""
[0.659s] -- Execute custom install script
[0.661s] -- Up-to-date symlink: /home/vboxuser/dev_ws/install/my_bot/share/my_bot/config/empty.yaml
[0.662s] -- Up-to-date symlink: /home/vboxuser/dev_ws/install/my_bot/share/my_bot/description/inertial_macros.xacro
[0.662s] -- Up-to-date symlink: /home/vboxuser/dev_ws/install/my_bot/share/my_bot/description/robot.urdf.xacro
[0.663s] -- Up-to-date symlink: /home/vboxuser/dev_ws/install/my_bot/share/my_bot/description/robot_core.xacro
[0.664s] -- Up-to-date symlink: /home/vboxuser/dev_ws/install/my_bot/share/my_bot/launch/launch_sim.launch.py
[0.664s] -- Up-to-date symlink: /home/vboxuser/dev_ws/install/my_bot/share/my_bot/launch/rsp.launch.py
[0.665s] -- Up-to-date symlink: /home/vboxuser/dev_ws/install/my_bot/share/my_bot/worlds/empty.world
[0.665s] -- Up-to-date symlink: /home/vboxuser/dev_ws/install/my_bot/share/ament_index/resource_index/package_run_dependencies/my_bot
[0.666s] -- Up-to-date symlink: /home/vboxuser/dev_ws/install/my_bot/share/ament_index/resource_index/parent_prefix_path/my_bot
[0.667s] -- Up-to-date symlink: /home/vboxuser/dev_ws/install/my_bot/share/my_bot/environment/ament_prefix_path.sh
[0.667s] -- Up-to-date symlink: /home/vboxuser/dev_ws/install/my_bot/share/my_bot/environment/ament_prefix_path.dsv
[0.668s] -- Up-to-date symlink: /home/vboxuser/dev_ws/install/my_bot/share/my_bot/environment/path.sh
[0.669s] -- Up-to-date symlink: /home/vboxuser/dev_ws/install/my_bot/share/my_bot/environment/path.dsv
[0.669s] -- Up-to-date symlink: /home/vboxuser/dev_ws/install/my_bot/share/my_bot/local_setup.bash
[0.669s] -- Up-to-date symlink: /home/vboxuser/dev_ws/install/my_bot/share/my_bot/local_setup.sh
[0.670s] -- Up-to-date symlink: /home/vboxuser/dev_ws/install/my_bot/share/my_bot/local_setup.zsh
[0.670s] -- Up-to-date symlink: /home/vboxuser/dev_ws/install/my_bot/share/my_bot/local_setup.dsv
[0.670s] -- Symlinking: /home/vboxuser/dev_ws/install/my_bot/share/my_bot/package.dsv
[0.679s] -- Up-to-date symlink: /home/vboxuser/dev_ws/install/my_bot/share/ament_index/resource_index/packages/my_bot
[0.680s] -- Up-to-date symlink: /home/vboxuser/dev_ws/install/my_bot/share/my_bot/cmake/my_botConfig.cmake
[0.680s] -- Up-to-date symlink: /home/vboxuser/dev_ws/install/my_bot/share/my_bot/cmake/my_botConfig-version.cmake
[0.680s] -- Up-to-date symlink: /home/vboxuser/dev_ws/install/my_bot/share/my_bot/package.xml
[0.692s] Invoked command in '/home/vboxuser/dev_ws/build/my_bot' returned '0': CMAKE_PREFIX_PATH=${CMAKE_PREFIX_PATH}:/opt/ros/humble /usr/bin/cmake --install /home/vboxuser/dev_ws/build/my_bot
